########## FULL RUN 20260701_143202 ##########
host:    cores: 16   python: Python 3.14.4
git:  9e85f35  (master)

===== [engine] clean rebuild =====
  -> engine built OK

===== [test_validate_engine] /home/sedahoo/research/Projects/RPS_Potts_Recreation/.venv/bin/python validate_engine.py (in monte_carlo) =====
  -> OK in 4s  (log: logs/test_validate_engine.log)
    |   0.2 |        0.999      0.999 |       agree
    |   0.5 |        0.991      0.992 |       agree
    |   0.7 |        0.004      0.007 |       agree
    |   0.9 |        0.004      0.003 |       agree
    | --------------------------------------------------
    | Python total:   3.34s | C++ total:   0.10s | speedup:  32.3x

===== [mean_field_hmf] /home/sedahoo/research/Projects/RPS_Potts_Recreation/.venv/bin/python hmf.py (in mean_field) =====
  -> OK in 1s  (log: logs/mean_field_hmf.log)
    |   eps=0.2:  m_psi=1.000
    |   eps=0.9:  m_psi=0.001
    | Saved hmf_phase1.png

===== [mean_field_sweep] /home/sedahoo/research/Projects/RPS_Potts_Recreation/.venv/bin/python sweep.py (in mean_field) =====
  -> OK in 6s  (log: logs/mean_field_sweep.log)
    |   k=  5:  transition near epsilon ~ 0.50
    |   k= 10:  transition near epsilon ~ 0.64
    |   k= 50:  transition near epsilon ~ 0.66
    |   k=200:  transition near epsilon ~ 0.70
    | Saved hmf_sweep.csv
    | Saved hmf_sweep.png

===== [mean_field_compare_suite_ER] /home/sedahoo/research/Projects/RPS_Potts_Recreation/.venv/bin/python compare_suite.py --graph ER (in mean_field) =====
  -> OK in 6s  (log: logs/mean_field_compare_suite_ER.log)
    | ER: <k>=9.82, 19 distinct degrees (max=20)
    | Saved comparison_suite_ER_k10.png
    | Saved comparison_suite_ER_k10.csv
    |   RMSE(HMF, MC) = 0.3376 | RMSE(DMF, MC) = 0.3340 | winner: DMF

===== [mean_field_compare_suite_BA] /home/sedahoo/research/Projects/RPS_Potts_Recreation/.venv/bin/python compare_suite.py --graph BA (in mean_field) =====
  -> OK in 6s  (log: logs/mean_field_compare_suite_BA.log)
    | BA: <k>=9.94, 45 distinct degrees (max=95)
    | Saved comparison_suite_BA_k10.png
    | Saved comparison_suite_BA_k10.csv
    |   RMSE(HMF, MC) = 0.3357 | RMSE(DMF, MC) = 0.3280 | winner: DMF

===== [monte_carlo_mc] /home/sedahoo/research/Projects/RPS_Potts_Recreation/.venv/bin/python mc.py (in monte_carlo) =====
  -> OK in 3s  (log: logs/monte_carlo_mc.log)
    | ER graph: N=499, <k>~10, T=0.65
    |   eps=0.2:  m_psi=0.997
    |   eps=0.9:  m_psi=0.001
    | Saved mc_phase2_ER.png

===== [monte_carlo_compare] /home/sedahoo/research/Projects/RPS_Potts_Recreation/.venv/bin/python compare.py (in monte_carlo) =====
  -> OK in 79s  (log: logs/monte_carlo_compare.log)
    | MC sweep took 77.8s
    | Saved mc_vs_hmf.png
    | Saved mc_vs_hmf.csv

===== [phase_diagram_ER] bash run.sh ER (in phase_diagram) =====
  -> OK in 6s  (log: logs/phase_diagram_ER.log)
    | --- running 520 simulations across 16 cores ---
    | (GNU parallel not found -> using xargs -P fallback)
    | --- plotting ---
    | Saved phase_diagram_ER.png
    | Saved phase_diagram_ER.csv
    | Done -> phase_diagram_ER.png

===== [phase_diagram_BA] bash run.sh BA (in phase_diagram) =====
  -> OK in 6s  (log: logs/phase_diagram_BA.log)
    | --- running 520 simulations across 16 cores ---
    | (GNU parallel not found -> using xargs -P fallback)
    | --- plotting ---
    | Saved phase_diagram_BA.png
    | Saved phase_diagram_BA.csv
    | Done -> phase_diagram_BA.png

===== [dynamics_ternary] /home/sedahoo/research/Projects/RPS_Potts_Recreation/.venv/bin/python ternary.py (in dynamics) =====
  -> OK in 2s  (log: logs/dynamics_ternary.log)
    | Saved ternary.png

===== [dynamics_fss] /home/sedahoo/research/Projects/RPS_Potts_Recreation/.venv/bin/python fss.py (in dynamics) =====
  -> OK in 3s  (log: logs/dynamics_fss.log)
    |   N= 200 done
    |   N= 500 done
    |   N=1000 done
    |   N=2000 done
    | Saved fss.csv
    | Saved fss.png

===== [dynamics_stability] /home/sedahoo/research/Projects/RPS_Potts_Recreation/.venv/bin/python stability.py (in dynamics) =====
  -> OK in 0s  (log: logs/dynamics_stability.log)
    | Saved stability.png

===== [zealots_experiment] /home/sedahoo/research/Projects/RPS_Potts_Recreation/.venv/bin/python experiment.py (in zealots) =====
  -> OK in 3s  (log: logs/zealots_experiment.log)
    | Saved zealots.png
    | Saved zealots.csv

===== [zealots_experiment_hubs] /home/sedahoo/research/Projects/RPS_Potts_Recreation/.venv/bin/python experiment_hubs.py (in zealots) =====
  -> OK in 4s  (log: logs/zealots_experiment_hubs.log)
    | Saved zealots_hubs.png
    | Saved zealots_hubs.csv

===== [zealots_experiment_mixed] /home/sedahoo/research/Projects/RPS_Potts_Recreation/.venv/bin/python experiment_mixed.py (in zealots) =====
  -> OK in 2s  (log: logs/zealots_experiment_mixed.log)
    | Saved zealots_mixed.png
    | Saved zealots_mixed.csv

===== [defects_experiment] /home/sedahoo/research/Projects/RPS_Potts_Recreation/.venv/bin/python experiment_defects.py (in defects) =====
  -> OK in 8s  (log: logs/defects_experiment.log)
    | Saved defects.png
    | Saved defects.csv

########## DONE ##########
manifest: logs/manifest.csv
  label                        status  seconds  started_iso                log
  test_validate_engine         OK      4        2026-07-01T14:32:03+05:30  logs/test_validate_engine.log
  mean_field_hmf               OK      1        2026-07-01T14:32:07+05:30  logs/mean_field_hmf.log
  mean_field_sweep             OK      6        2026-07-01T14:32:08+05:30  logs/mean_field_sweep.log
  mean_field_compare_suite_ER  OK      6        2026-07-01T14:32:14+05:30  logs/mean_field_compare_suite_ER.log
  mean_field_compare_suite_BA  OK      6        2026-07-01T14:32:20+05:30  logs/mean_field_compare_suite_BA.log
  monte_carlo_mc               OK      3        2026-07-01T14:32:26+05:30  logs/monte_carlo_mc.log
  monte_carlo_compare          OK      79       2026-07-01T14:32:29+05:30  logs/monte_carlo_compare.log
  phase_diagram_ER             OK      6        2026-07-01T14:33:48+05:30  logs/phase_diagram_ER.log
  phase_diagram_BA             OK      6        2026-07-01T14:33:54+05:30  logs/phase_diagram_BA.log
  dynamics_ternary             OK      2        2026-07-01T14:34:00+05:30  logs/dynamics_ternary.log
  dynamics_fss                 OK      3        2026-07-01T14:34:02+05:30  logs/dynamics_fss.log
  dynamics_stability           OK      0        2026-07-01T14:34:05+05:30  logs/dynamics_stability.log
  zealots_experiment           OK      3        2026-07-01T14:34:05+05:30  logs/zealots_experiment.log
  zealots_experiment_hubs      OK      4        2026-07-01T14:34:08+05:30  logs/zealots_experiment_hubs.log
  zealots_experiment_mixed     OK      2        2026-07-01T14:34:12+05:30  logs/zealots_experiment_mixed.log
  defects_experiment           OK      8        2026-07-01T14:34:14+05:30  logs/defects_experiment.log

All steps OK.
